C:\Users\sharm\OneDrive\Desktop\SampleFullStack\BackendApi\RtdApi\ReDataViz\AngularClientdataViz\dist\out-tsc\src\app\authentication.service.js
C:\Users\sharm\OneDrive\Desktop\SampleFullStack\BackendApi\RtdApi\ReDataViz\AngularClientdataViz\dist\out-tsc\src\app\authentication.service.js.map
C:\Users\sharm\OneDrive\Desktop\SampleFullStack\BackendApi\RtdApi\ReDataViz\AngularClientdataViz\dist\out-tsc\src\app\web.service.js
C:\Users\sharm\OneDrive\Desktop\SampleFullStack\BackendApi\RtdApi\ReDataViz\AngularClientdataViz\dist\out-tsc\src\app\web.service.js.map
C:\Users\sharm\OneDrive\Desktop\SampleFullStack\BackendApi\RtdApi\ReDataViz\AngularClientdataViz\dist\out-tsc\src\app\dtvizmessages.component.js
C:\Users\sharm\OneDrive\Desktop\SampleFullStack\BackendApi\RtdApi\ReDataViz\AngularClientdataViz\dist\out-tsc\src\app\dtvizmessages.component.js.map
C:\Users\sharm\OneDrive\Desktop\SampleFullStack\BackendApi\RtdApi\ReDataViz\AngularClientdataViz\dist\out-tsc\src\app\new-dtvizmessage.component.js
C:\Users\sharm\OneDrive\Desktop\SampleFullStack\BackendApi\RtdApi\ReDataViz\AngularClientdataViz\dist\out-tsc\src\app\new-dtvizmessage.component.js.map
C:\Users\sharm\OneDrive\Desktop\SampleFullStack\BackendApi\RtdApi\ReDataViz\AngularClientdataViz\dist\out-tsc\src\app\nav.component.js
C:\Users\sharm\OneDrive\Desktop\SampleFullStack\BackendApi\RtdApi\ReDataViz\AngularClientdataViz\dist\out-tsc\src\app\nav.component.js.map
C:\Users\sharm\OneDrive\Desktop\SampleFullStack\BackendApi\RtdApi\ReDataViz\AngularClientdataViz\dist\out-tsc\src\app\home.component.js
C:\Users\sharm\OneDrive\Desktop\SampleFullStack\BackendApi\RtdApi\ReDataViz\AngularClientdataViz\dist\out-tsc\src\app\home.component.js.map
C:\Users\sharm\OneDrive\Desktop\SampleFullStack\BackendApi\RtdApi\ReDataViz\AngularClientdataViz\dist\out-tsc\src\app\register\register.component.js
C:\Users\sharm\OneDrive\Desktop\SampleFullStack\BackendApi\RtdApi\ReDataViz\AngularClientdataViz\dist\out-tsc\src\app\register\register.component.js.map
C:\Users\sharm\OneDrive\Desktop\SampleFullStack\BackendApi\RtdApi\ReDataViz\AngularClientdataViz\dist\out-tsc\src\app\login.component.js
C:\Users\sharm\OneDrive\Desktop\SampleFullStack\BackendApi\RtdApi\ReDataViz\AngularClientdataViz\dist\out-tsc\src\app\login.component.js.map
C:\Users\sharm\OneDrive\Desktop\SampleFullStack\BackendApi\RtdApi\ReDataViz\AngularClientdataViz\dist\out-tsc\src\app\edit.component.js
C:\Users\sharm\OneDrive\Desktop\SampleFullStack\BackendApi\RtdApi\ReDataViz\AngularClientdataViz\dist\out-tsc\src\app\edit.component.js.map
C:\Users\sharm\OneDrive\Desktop\SampleFullStack\BackendApi\RtdApi\ReDataViz\AngularClientdataViz\dist\out-tsc\src\app\app.component.js
C:\Users\sharm\OneDrive\Desktop\SampleFullStack\BackendApi\RtdApi\ReDataViz\AngularClientdataViz\dist\out-tsc\src\app\app.component.js.map
C:\Users\sharm\OneDrive\Desktop\SampleFullStack\BackendApi\RtdApi\ReDataViz\AngularClientdataViz\dist\out-tsc\src\app\sample-cmpnt\sample-cmpnt.component.js
C:\Users\sharm\OneDrive\Desktop\SampleFullStack\BackendApi\RtdApi\ReDataViz\AngularClientdataViz\dist\out-tsc\src\app\sample-cmpnt\sample-cmpnt.component.js.map
C:\Users\sharm\OneDrive\Desktop\SampleFullStack\BackendApi\RtdApi\ReDataViz\AngularClientdataViz\dist\out-tsc\src\app\app.module.js
C:\Users\sharm\OneDrive\Desktop\SampleFullStack\BackendApi\RtdApi\ReDataViz\AngularClientdataViz\dist\out-tsc\src\app\app.module.js.map
C:\Users\sharm\OneDrive\Desktop\SampleFullStack\BackendApi\RtdApi\ReDataViz\AngularClientdataViz\dist\out-tsc\src\environments\environment.js
C:\Users\sharm\OneDrive\Desktop\SampleFullStack\BackendApi\RtdApi\ReDataViz\AngularClientdataViz\dist\out-tsc\src\environments\environment.js.map
C:\Users\sharm\OneDrive\Desktop\SampleFullStack\BackendApi\RtdApi\ReDataViz\AngularClientdataViz\dist\out-tsc\src\main.js
C:\Users\sharm\OneDrive\Desktop\SampleFullStack\BackendApi\RtdApi\ReDataViz\AngularClientdataViz\dist\out-tsc\src\main.js.map
C:\Users\sharm\OneDrive\Desktop\SampleFullStack\BackendApi\RtdApi\ReDataViz\AngularClientdataViz\dist\out-tsc\src\polyfills.js
C:\Users\sharm\OneDrive\Desktop\SampleFullStack\BackendApi\RtdApi\ReDataViz\AngularClientdataViz\dist\out-tsc\src\polyfills.js.map
C:\Users\sharm\OneDrive\Desktop\SampleFullStack\BackendApi\RtdApi\ReDataViz\AngularClientdataViz\dist\out-tsc\src\test.js
C:\Users\sharm\OneDrive\Desktop\SampleFullStack\BackendApi\RtdApi\ReDataViz\AngularClientdataViz\dist\out-tsc\src\test.js.map
C:\Users\sharm\OneDrive\Desktop\SampleFullStack\BackendApi\RtdApi\ReDataViz\AngularClientdataViz\dist\out-tsc\e2e\src\app.po.js
C:\Users\sharm\OneDrive\Desktop\SampleFullStack\BackendApi\RtdApi\ReDataViz\AngularClientdataViz\dist\out-tsc\e2e\src\app.po.js.map
C:\Users\sharm\OneDrive\Desktop\SampleFullStack\BackendApi\RtdApi\ReDataViz\AngularClientdataViz\dist\out-tsc\e2e\src\app.e2e-spec.js
C:\Users\sharm\OneDrive\Desktop\SampleFullStack\BackendApi\RtdApi\ReDataViz\AngularClientdataViz\dist\out-tsc\e2e\src\app.e2e-spec.js.map
C:\Users\sharm\OneDrive\Desktop\SampleFullStack\BackendApi\RtdApi\ReDataViz\AngularClientdataViz\dist\out-tsc\src\app\app.component.spec.js
C:\Users\sharm\OneDrive\Desktop\SampleFullStack\BackendApi\RtdApi\ReDataViz\AngularClientdataViz\dist\out-tsc\src\app\app.component.spec.js.map
C:\Users\sharm\OneDrive\Desktop\SampleFullStack\BackendApi\RtdApi\ReDataViz\AngularClientdataViz\dist\out-tsc\src\environments\environment.prod.js
C:\Users\sharm\OneDrive\Desktop\SampleFullStack\BackendApi\RtdApi\ReDataViz\AngularClientdataViz\dist\out-tsc\src\environments\environment.prod.js.map
C:\Users\sharm\OneDrive\Desktop\SampleFullStack\BackendApi\RtdApi\ReDataViz\AngularClientdataViz\dist\out-tsc\src\app\register\register.component.spec.js
C:\Users\sharm\OneDrive\Desktop\SampleFullStack\BackendApi\RtdApi\ReDataViz\AngularClientdataViz\dist\out-tsc\src\app\register\register.component.spec.js.map
C:\Users\sharm\OneDrive\Desktop\SampleFullStack\BackendApi\RtdApi\ReDataViz\AngularClientdataViz\dist\out-tsc\src\app\sample-cmpnt\sample-cmpnt.component.spec.js
C:\Users\sharm\OneDrive\Desktop\SampleFullStack\BackendApi\RtdApi\ReDataViz\AngularClientdataViz\dist\out-tsc\src\app\sample-cmpnt\sample-cmpnt.component.spec.js.map
